<?xml version="1.0" encoding="UTF-8"?>
<!-- Generated by org.testng.reporters.JUnitReportReporter -->
<testsuite skipped="0" hostname="DESKTOP-B7AMP6G" name="testcases.Check" tests="1" failures="0" timestamp="2020-12-07T11:52:09 IST" time="10.873" errors="0">
  <testcase name="check1" time="10.873" classname="testcases.Check"/>
  <system-out/>
</testsuite> <!-- testcases.Check -->
