<?xml version="1.0" encoding="UTF-8"?>
<!-- Generated by org.testng.reporters.JUnitReportReporter -->
<testsuite skipped="0" hostname="DESKTOP-B7AMP6G" name="testCases.TC003" tests="1" failures="0" timestamp="2020-12-21T10:44:10 IST" time="32.402" errors="0">
  <testcase name="ftr" time="32.402" classname="testCases.TC003"/>
  <system-out/>
</testsuite> <!-- testCases.TC003 -->
