<?xml version="1.0" encoding="UTF-8"?>
<!-- Generated by org.testng.reporters.JUnitReportReporter -->
<testsuite skipped="0" hostname="DESKTOP-B7AMP6G" name="testCases.TC002" tests="1" failures="0" timestamp="2020-12-21T10:44:10 IST" time="24.499" errors="0">
  <testcase name="tc002" time="24.499" classname="testCases.TC002"/>
  <system-out/>
</testsuite> <!-- testCases.TC002 -->
